<?xml version="1.0" encoding="UTF-8"?>
<!-- Generated by org.testng.reporters.JUnitReportReporter -->
<testsuite hostname="IN5CG9292KMP" failures="0" tests="2" name="com.app.qa.testcases.FlightSearchTest" time="21.005" errors="0" timestamp="2019-10-22T12:29:17 IST" skipped="1">
  <testcase classname="com.app.qa.testcases.FlightSearchTest" name="searchFlights" time="21.005"/>
  <testcase classname="com.app.qa.testcases.FlightSearchTest" name="verfiyFlightSearchTitleTest">
    <skipped/>
  </testcase> <!-- verfiyFlightSearchTitleTest -->
</testsuite> <!-- com.app.qa.testcases.FlightSearchTest -->
