<?xml version="1.0" encoding="UTF-8"?>
<!-- Generated by org.testng.reporters.JUnitReportReporter -->
<testsuite hostname="IN5CG9292KMP" failures="0" tests="4" name="com.app.qa.testcases.FlightSearchTest" time="66.288" errors="0" timestamp="2019-10-24T10:09:33 IST" skipped="0">
  <testcase classname="com.app.qa.testcases.FlightSearchTest" name="verfiyFlightSearchTitleTest" time="13.609"/>
  <testcase classname="com.app.qa.testcases.FlightSearchTest" name="searchFlightsTest" time="19.388"/>
  <testcase classname="com.app.qa.testcases.FlightSearchTest" name="searchFlightsTest" time="16.643"/>
  <testcase classname="com.app.qa.testcases.FlightSearchTest" name="searchFlightsTest" time="16.648"/>
</testsuite> <!-- com.app.qa.testcases.FlightSearchTest -->
